[22:57:56 UTC] [32mINFO[39m: [36mServer listening at http://0.0.0.0:8080[39m
[22:57:56 UTC] [32mINFO[39m: [36m🚀 Mithrandir Unified API started on http://0.0.0.0:8080[39m
[22:57:56 UTC] [32mINFO[39m: [36m📋 Available endpoints:[39m
[22:57:56 UTC] [32mINFO[39m: [36m  === Failsafe API (Legacy Port 8888 functionality) ===[39m
[22:57:56 UTC] [32mINFO[39m: [36m  GET  /ssh-status - System status[39m
[22:57:56 UTC] [32mINFO[39m: [36m  GET  /status - Legacy alias[39m
[22:57:56 UTC] [32mINFO[39m: [36m  POST /restart-ssh - Restart SSH service[39m
[22:57:56 UTC] [32mINFO[39m: [36m  POST /start-vnc - Start VNC server[39m
[22:57:56 UTC] [32mINFO[39m: [36m  === Monitoring API (Original Port 8080 functionality) ===[39m
[22:57:56 UTC] [32mINFO[39m: [36m  GET  /metrics - Prometheus metrics[39m
[22:57:56 UTC] [32mINFO[39m: [36m  GET  /monitoring/status - Monitoring status[39m
[22:57:56 UTC] [32mINFO[39m: [36m  GET  /monitoring/health - Health check[39m
[22:57:56 UTC] [32mINFO[39m: [36m  GET  /health - Health check alias[39m
[22:57:56 UTC] [32mINFO[39m: [36m  === System API ===[39m
[22:57:56 UTC] [32mINFO[39m: [36m  GET  /info - API information[39m
[22:57:56 UTC] [32mINFO[39m: [36m  GET  /docs - Swagger documentation[39m
[22:57:56 UTC] [32mINFO[39m: 
[22:57:56 UTC] [32mINFO[39m: [36m🎉 Unified API combining:[39m
[22:57:56 UTC] [32mINFO[39m: [36m  - Failsafe operations (SSH, VNC management)[39m
[22:57:56 UTC] [32mINFO[39m: [36m  - System monitoring (Prometheus metrics)[39m
[22:57:56 UTC] [32mINFO[39m: [36m  - Health checks and status reporting[39m
[22:57:56 UTC] [32mINFO[39m: [36m  - Professional security and documentation[39m
DEBUG: stdout length: 627811 characters
DEBUG: trimmed length: 627810 characters
DEBUG: Parsed successfully. Recent jobs: 769
DEBUG: First job has elapsed time: true
DEBUG: First job elapsed data: {
  elapsedSeconds: 10915,
  elapsedFormatted: '3h 1m 55s',
  processingSeconds: null,
  processingFormatted: null
}
[22:57:56 UTC] [32mINFO[39m: [36mincoming request[39m
    [35mreqId[39m: "req-1"
    [35mreq[39m: {
      "method": "GET",
      "url": "/transcription/projects",
      "hostname": "100.77.230.53:8080",
      "remoteAddress": "100.79.124.88",
      "remotePort": 59191
    }
[22:57:57 UTC] [32mINFO[39m: [36mrequest completed[39m
    [35mreqId[39m: "req-1"
    [35mres[39m: {
      "statusCode": 200
    }
    [35mresponseTime[39m: 461.25235891342163
[22:58:06 UTC] [32mINFO[39m: [36mincoming request[39m
    [35mreqId[39m: "req-2"
    [35mreq[39m: {
      "method": "GET",
      "url": "/health",
      "hostname": "100.77.230.53:8080",
      "remoteAddress": "100.77.230.53",
      "remotePort": 51574
    }
[22:58:06 UTC] [32mINFO[39m: [36mincoming request[39m
    [35mreqId[39m: "req-3"
    [35mreq[39m: {
      "method": "GET",
      "url": "/monitoring/health",
      "hostname": "localhost:80",
      "remoteAddress": "127.0.0.1"
    }
[22:58:06 UTC] [32mINFO[39m: [36mrequest completed[39m
    [35mreqId[39m: "req-3"
    [35mres[39m: {
      "statusCode": 200
    }
    [35mresponseTime[39m: 273.31525897979736
[22:58:06 UTC] [32mINFO[39m: [36mrequest completed[39m
    [35mreqId[39m: "req-2"
    [35mres[39m: {
      "statusCode": 200
    }
    [35mresponseTime[39m: 279.50468695163727
DEBUG: stdout length: 628125 characters
DEBUG: trimmed length: 628124 characters
DEBUG: Parsed successfully. Recent jobs: 769
DEBUG: First job has elapsed time: true
DEBUG: First job elapsed data: {
  elapsedSeconds: 10931,
  elapsedFormatted: '3h 2m 11s',
  processingSeconds: null,
  processingFormatted: null
}
[22:58:12 UTC] [32mINFO[39m: [36mincoming request[39m
    [35mreqId[39m: "req-4"
    [35mreq[39m: {
      "method": "GET",
      "url": "/transcription/projects",
      "hostname": "100.77.230.53:8080",
      "remoteAddress": "100.77.230.53",
      "remotePort": 34244
    }
[22:58:12 UTC] [32mINFO[39m: [36mrequest completed[39m
    [35mreqId[39m: "req-4"
    [35mres[39m: {
      "statusCode": 200
    }
    [35mresponseTime[39m: 120.96612894535065
DEBUG: stdout length: 628125 characters
DEBUG: trimmed length: 628124 characters
DEBUG: Parsed successfully. Recent jobs: 769
DEBUG: First job has elapsed time: true
DEBUG: First job elapsed data: {
  elapsedSeconds: 10939,
  elapsedFormatted: '3h 2m 19s',
  processingSeconds: null,
  processingFormatted: null
}
[22:58:21 UTC] [32mINFO[39m: [36mincoming request[39m
    [35mreqId[39m: "req-5"
    [35mreq[39m: {
      "method": "GET",
      "url": "/transcription/projects",
      "hostname": "100.77.230.53:8080",
      "remoteAddress": "100.79.124.88",
      "remotePort": 59195
    }
[22:58:21 UTC] [32mINFO[39m: [36mrequest completed[39m
    [35mreqId[39m: "req-5"
    [35mres[39m: {
      "statusCode": 200
    }
    [35mresponseTime[39m: 219.26716899871826
DEBUG: stdout length: 628121 characters
DEBUG: trimmed length: 628120 characters
DEBUG: Parsed successfully. Recent jobs: 769
DEBUG: First job has elapsed time: true
DEBUG: First job elapsed data: {
  elapsedSeconds: 10945,
  elapsedFormatted: '3h 2m 25s',
  processingSeconds: null,
  processingFormatted: null
}
[22:58:26 UTC] [32mINFO[39m: [36mincoming request[39m
    [35mreqId[39m: "req-6"
    [35mreq[39m: {
      "method": "GET",
      "url": "/transcription/projects",
      "hostname": "100.77.230.53:8080",
      "remoteAddress": "100.79.124.88",
      "remotePort": 59191
    }
[22:58:26 UTC] [32mINFO[39m: [36mrequest completed[39m
    [35mreqId[39m: "req-6"
    [35mres[39m: {
      "statusCode": 200
    }
    [35mresponseTime[39m: 118.64325988292694
DEBUG: stdout length: 628033 characters
DEBUG: trimmed length: 628032 characters
DEBUG: Parsed successfully. Recent jobs: 769
DEBUG: First job has elapsed time: true
DEBUG: First job elapsed data: {
  elapsedSeconds: 10949,
  elapsedFormatted: '3h 2m 29s',
  processingSeconds: null,
  processingFormatted: null
}
[22:58:30 UTC] [32mINFO[39m: [36mincoming request[39m
    [35mreqId[39m: "req-7"
    [35mreq[39m: {
      "method": "GET",
      "url": "/transcription/projects",
      "hostname": "100.77.230.53:8080",
      "remoteAddress": "100.77.230.53",
      "remotePort": 35232
    }
[22:58:30 UTC] [32mINFO[39m: [36mrequest completed[39m
    [35mreqId[39m: "req-7"
    [35mres[39m: {
      "statusCode": 200
    }
    [35mresponseTime[39m: 117.01652908325195
DEBUG: stdout length: 627816 characters
DEBUG: trimmed length: 627815 characters
DEBUG: Parsed successfully. Recent jobs: 769
DEBUG: First job has elapsed time: true
DEBUG: First job elapsed data: {
  elapsedSeconds: 10975,
  elapsedFormatted: '3h 2m 55s',
  processingSeconds: null,
  processingFormatted: null
}
[22:58:56 UTC] [32mINFO[39m: [36mincoming request[39m
    [35mreqId[39m: "req-8"
    [35mreq[39m: {
      "method": "GET",
      "url": "/transcription/projects",
      "hostname": "100.77.230.53:8080",
      "remoteAddress": "100.79.124.88",
      "remotePort": 59191
    }
[22:58:56 UTC] [32mINFO[39m: [36mrequest completed[39m
    [35mreqId[39m: "req-8"
    [35mres[39m: {
      "statusCode": 200
    }
    [35mresponseTime[39m: 120.7618659734726
[22:59:12 UTC] [32mINFO[39m: [36mReceived SIGTERM, shutting down gracefully[39m
